[2020-10-27 16:14:26] local.ERROR: syntax error, unexpected 'public' (T_PUBLIC), expecting end of file {"exception":"[object] (ParseError(code: 0): syntax error, unexpected 'public' (T_PUBLIC), expecting end of file at C:\\xampp\\htdocs\\ddsbe\\app\\Http\\Controllers\\UserController.php:83)
[stacktrace]
#0 C:\\xampp\\htdocs\\ddsbe\\vendor\\composer\\ClassLoader.php(322): Composer\\Autoload\\includeFile('C:\\\\xampp\\\\htdocs...')
#1 [internal function]: Composer\\Autoload\\ClassLoader->loadClass('App\\\\Http\\\\Contro...')
#2 [internal function]: spl_autoload_call('App\\\\Http\\\\Contro...')
#3 C:\\xampp\\htdocs\\ddsbe\\vendor\\illuminate\\container\\Container.php(809): ReflectionClass->__construct('App\\\\Http\\\\Contro...')
#4 C:\\xampp\\htdocs\\ddsbe\\vendor\\illuminate\\container\\Container.php(691): Illuminate\\Container\\Container->build('App\\\\Http\\\\Contro...')
#5 C:\\xampp\\htdocs\\ddsbe\\vendor\\illuminate\\container\\Container.php(637): Illuminate\\Container\\Container->resolve('App\\\\Http\\\\Contro...', Array)
#6 C:\\xampp\\htdocs\\ddsbe\\vendor\\laravel\\lumen-framework\\src\\Application.php(300): Illuminate\\Container\\Container->make('App\\\\Http\\\\Contro...', Array)
#7 C:\\xampp\\htdocs\\ddsbe\\vendor\\laravel\\lumen-framework\\src\\Concerns\\RoutesRequests.php(321): Laravel\\Lumen\\Application->make('App\\\\Http\\\\Contro...')
#8 C:\\xampp\\htdocs\\ddsbe\\vendor\\laravel\\lumen-framework\\src\\Concerns\\RoutesRequests.php(279): Laravel\\Lumen\\Application->callControllerAction(Array)
#9 C:\\xampp\\htdocs\\ddsbe\\vendor\\laravel\\lumen-framework\\src\\Concerns\\RoutesRequests.php(264): Laravel\\Lumen\\Application->callActionOnArrayBasedRoute(Array)
#10 C:\\xampp\\htdocs\\ddsbe\\vendor\\laravel\\lumen-framework\\src\\Concerns\\RoutesRequests.php(166): Laravel\\Lumen\\Application->handleFoundRoute(Array)
#11 C:\\xampp\\htdocs\\ddsbe\\vendor\\laravel\\lumen-framework\\src\\Concerns\\RoutesRequests.php(426): Laravel\\Lumen\\Application->Laravel\\Lumen\\Concerns\\{closure}(Object(Laravel\\Lumen\\Http\\Request))
#12 C:\\xampp\\htdocs\\ddsbe\\vendor\\laravel\\lumen-framework\\src\\Concerns\\RoutesRequests.php(172): Laravel\\Lumen\\Application->sendThroughPipeline(Array, Object(Closure))
#13 C:\\xampp\\htdocs\\ddsbe\\vendor\\laravel\\lumen-framework\\src\\Concerns\\RoutesRequests.php(109): Laravel\\Lumen\\Application->dispatch(NULL)
#14 C:\\xampp\\htdocs\\ddsbe\\public\\index.php(28): Laravel\\Lumen\\Application->run()
#15 {main}
"} 
[2020-10-27 16:15:55] local.ERROR: syntax error, unexpected 'public' (T_PUBLIC), expecting end of file {"exception":"[object] (ParseError(code: 0): syntax error, unexpected 'public' (T_PUBLIC), expecting end of file at C:\\xampp\\htdocs\\ddsbe\\app\\Http\\Controllers\\UserController.php:83)
[stacktrace]
#0 C:\\xampp\\htdocs\\ddsbe\\vendor\\composer\\ClassLoader.php(322): Composer\\Autoload\\includeFile('C:\\\\xampp\\\\htdocs...')
#1 [internal function]: Composer\\Autoload\\ClassLoader->loadClass('App\\\\Http\\\\Contro...')
#2 [internal function]: spl_autoload_call('App\\\\Http\\\\Contro...')
#3 C:\\xampp\\htdocs\\ddsbe\\vendor\\illuminate\\container\\Container.php(809): ReflectionClass->__construct('App\\\\Http\\\\Contro...')
#4 C:\\xampp\\htdocs\\ddsbe\\vendor\\illuminate\\container\\Container.php(691): Illuminate\\Container\\Container->build('App\\\\Http\\\\Contro...')
#5 C:\\xampp\\htdocs\\ddsbe\\vendor\\illuminate\\container\\Container.php(637): Illuminate\\Container\\Container->resolve('App\\\\Http\\\\Contro...', Array)
#6 C:\\xampp\\htdocs\\ddsbe\\vendor\\laravel\\lumen-framework\\src\\Application.php(300): Illuminate\\Container\\Container->make('App\\\\Http\\\\Contro...', Array)
#7 C:\\xampp\\htdocs\\ddsbe\\vendor\\laravel\\lumen-framework\\src\\Concerns\\RoutesRequests.php(321): Laravel\\Lumen\\Application->make('App\\\\Http\\\\Contro...')
#8 C:\\xampp\\htdocs\\ddsbe\\vendor\\laravel\\lumen-framework\\src\\Concerns\\RoutesRequests.php(279): Laravel\\Lumen\\Application->callControllerAction(Array)
#9 C:\\xampp\\htdocs\\ddsbe\\vendor\\laravel\\lumen-framework\\src\\Concerns\\RoutesRequests.php(264): Laravel\\Lumen\\Application->callActionOnArrayBasedRoute(Array)
#10 C:\\xampp\\htdocs\\ddsbe\\vendor\\laravel\\lumen-framework\\src\\Concerns\\RoutesRequests.php(166): Laravel\\Lumen\\Application->handleFoundRoute(Array)
#11 C:\\xampp\\htdocs\\ddsbe\\vendor\\laravel\\lumen-framework\\src\\Concerns\\RoutesRequests.php(426): Laravel\\Lumen\\Application->Laravel\\Lumen\\Concerns\\{closure}(Object(Laravel\\Lumen\\Http\\Request))
#12 C:\\xampp\\htdocs\\ddsbe\\vendor\\laravel\\lumen-framework\\src\\Concerns\\RoutesRequests.php(172): Laravel\\Lumen\\Application->sendThroughPipeline(Array, Object(Closure))
#13 C:\\xampp\\htdocs\\ddsbe\\vendor\\laravel\\lumen-framework\\src\\Concerns\\RoutesRequests.php(109): Laravel\\Lumen\\Application->dispatch(NULL)
#14 C:\\xampp\\htdocs\\ddsbe\\public\\index.php(28): Laravel\\Lumen\\Application->run()
#15 {main}
"} 
[2020-10-27 16:16:00] local.ERROR: syntax error, unexpected 'public' (T_PUBLIC), expecting end of file {"exception":"[object] (ParseError(code: 0): syntax error, unexpected 'public' (T_PUBLIC), expecting end of file at C:\\xampp\\htdocs\\ddsbe\\app\\Http\\Controllers\\UserController.php:83)
[stacktrace]
#0 C:\\xampp\\htdocs\\ddsbe\\vendor\\composer\\ClassLoader.php(322): Composer\\Autoload\\includeFile('C:\\\\xampp\\\\htdocs...')
#1 [internal function]: Composer\\Autoload\\ClassLoader->loadClass('App\\\\Http\\\\Contro...')
#2 [internal function]: spl_autoload_call('App\\\\Http\\\\Contro...')
#3 C:\\xampp\\htdocs\\ddsbe\\vendor\\illuminate\\container\\Container.php(809): ReflectionClass->__construct('App\\\\Http\\\\Contro...')
#4 C:\\xampp\\htdocs\\ddsbe\\vendor\\illuminate\\container\\Container.php(691): Illuminate\\Container\\Container->build('App\\\\Http\\\\Contro...')
#5 C:\\xampp\\htdocs\\ddsbe\\vendor\\illuminate\\container\\Container.php(637): Illuminate\\Container\\Container->resolve('App\\\\Http\\\\Contro...', Array)
#6 C:\\xampp\\htdocs\\ddsbe\\vendor\\laravel\\lumen-framework\\src\\Application.php(300): Illuminate\\Container\\Container->make('App\\\\Http\\\\Contro...', Array)
#7 C:\\xampp\\htdocs\\ddsbe\\vendor\\laravel\\lumen-framework\\src\\Concerns\\RoutesRequests.php(321): Laravel\\Lumen\\Application->make('App\\\\Http\\\\Contro...')
#8 C:\\xampp\\htdocs\\ddsbe\\vendor\\laravel\\lumen-framework\\src\\Concerns\\RoutesRequests.php(279): Laravel\\Lumen\\Application->callControllerAction(Array)
#9 C:\\xampp\\htdocs\\ddsbe\\vendor\\laravel\\lumen-framework\\src\\Concerns\\RoutesRequests.php(264): Laravel\\Lumen\\Application->callActionOnArrayBasedRoute(Array)
#10 C:\\xampp\\htdocs\\ddsbe\\vendor\\laravel\\lumen-framework\\src\\Concerns\\RoutesRequests.php(166): Laravel\\Lumen\\Application->handleFoundRoute(Array)
#11 C:\\xampp\\htdocs\\ddsbe\\vendor\\laravel\\lumen-framework\\src\\Concerns\\RoutesRequests.php(426): Laravel\\Lumen\\Application->Laravel\\Lumen\\Concerns\\{closure}(Object(Laravel\\Lumen\\Http\\Request))
#12 C:\\xampp\\htdocs\\ddsbe\\vendor\\laravel\\lumen-framework\\src\\Concerns\\RoutesRequests.php(172): Laravel\\Lumen\\Application->sendThroughPipeline(Array, Object(Closure))
#13 C:\\xampp\\htdocs\\ddsbe\\vendor\\laravel\\lumen-framework\\src\\Concerns\\RoutesRequests.php(109): Laravel\\Lumen\\Application->dispatch(NULL)
#14 C:\\xampp\\htdocs\\ddsbe\\public\\index.php(28): Laravel\\Lumen\\Application->run()
#15 {main}
"} 
